29 6428 6956 1468 8431 7351 2395 610 7347 4205 409 6800 7387 8899 1701 1401 5114 5026 8319 5357 2662 9026 3593 9602 2896 1449 5398 9094 126 7368 
29 45 8372 1424 1192 2195 8910 5912 2531 8349 468 8794 7400 7443 8185 1507 9666 4538 7273 1625 4806 136 9722 6560 197 4688 8731 5489 503 582 
29 9475 9594 726 6416 1863 9263 5714 4015 8581 5090 3166 3277 8734 394 6508 6418 3672 5880 2229 4451 9965 5762 8485 3706 7711 1115 4827 5953 3634 
30 6198 2600 3104 5846 4769 5207 4156 5867 7117 926 8476 1419 2153 1128 1879 3723 7778 5287 9528 9701 8457 8059 1953 8929 9924 1474 3197 7926 8265 5885 
31 8103 333 4114 4671 1956 9732 5612 2036 792 8328 2680 8588 373 9412 8769 3011 4011 6147 9400 263 2113 6827 6381 3966 1019 3688 4746 8516 467 4897 3876 
29 6599 2163 4166 736 3417 4817 1750 2738 6162 2538 9842 9983 6581 4601 5135 3853 7737 2660 4372 3761 6259 2579 5624 2328 1958 796 1697 8898 6575 
28 156 3384 3911 3324 9806 721 5901 8365 927 6160 833 8505 1405 7388 664 9232 9323 5810 8984 9711 2486 7339 1718 2422 5215 5374 6038 7688 
31 6440 2446 3075 5503 5794 5109 4834 9915 7464 499 943 6256 4153 9116 1321 7258 2837 6565 3013 1213 4837 3052 6122 6903 6541 5009 7121 3457 2031 1738 9958 
29 1566 4107 9913 276 9079 1025 7016 9565 1167 9854 2646 2100 798 2033 1936 7088 6075 7081 4035 8198 7325 9843 6467 823 4369 196 7900 9188 5644 
28 8450 8546 9820 4091 5696 2147 7022 1340 9415 6296 5601 2122 9651 3812 914 6166 2224 9262 4475 6555 4932 2363 6751 9962 1263 8978 6587 9418 
29 6261 1833 7787 5965 8327 6348 7870 9898 2179 1676 3379 1460 1244 2984 5426 2979 9659 6487 3569 122 1528 9305 5709 8112 1947 940 9383 7399 2994 
29 4467 2563 5583 6970 8083 4629 813 8968 6218 219 4684 9780 8665 3778 8675 8597 2889 461 3473 3252 7627 1699 351 8174 509 5734 8353 1954 85 
29 2822 9696 4878 8027 6620 5082 7406 662 9044 5700 7614 868 6449 5847 8142 9359 2757 7500 5385 772 3342 4675 9486 2109 9253 1316 9422 7839 9354 
29 5876 1711 9213 7475 2971 1776 15 4069 2409 9660 1039 8677 6454 5869 861 8621 3470 645 9671 3539 2696 6645 3861 8308 7713 2749 7817 6969 9837 
28 9151 8544 1492 5528 3560 9967 3186 8958 9380 1326 6697 7939 9218 1102 2114 7924 8996 6760 2726 6132 4234 2476 8622 4320 7617 4518 9100 4712 
29 9738 2146 1893 6664 3126 1985 3537 7526 9393 6584 7291 6586 5405 3415 4748 6692 938 3869 3125 1058 2742 7274 6420 6799 9878 6921 24 1559 7775 
29 1134 6257 5195 3914 4715 304 5796 9315 3427 3675 3078 8191 5428 1642 9552 3137 3650 1 2754 761 6468 4744 6848 7019 4646 8660 1369 2968 9343 
29 8033 1660 314 3316 2860 309 6049 7028 2194 7105 7503 8907 1303 6721 6228 1439 1918 5899 7133 1733 9341 8998 9657 3438 8554 5633 5543 6564 8395 
28 2234 9194 3833 9646 422 4408 8381 3513 6300 3481 1349 1182 9222 2657 7844 4676 2695 1781 6120 4439 1234 622 8965 1786 7858 9991 1345 3006 
31 835 6885 5325 1365 9522 2640 931 220 8737 7748 1532 4856 9689 3721 5600 7344 7075 7564 6617 8082 6232 6285 1755 1859 5341 3752 8994 3796 5712 3829 1921 
30 9670 7643 9157 6640 3855 9515 3118 6341 3587 1603 4363 5413 7935 7941 4382 8807 5270 8200 3004 7225 8525 2073 6158 50 5091 3239 2942 6271 3285 6065 
28 1959 9814 1364 4067 9669 7485 2018 9943 9457 4289 8652 4168 4823 855 382 9196 8242 1763 7628 6682 5421 8467 5221 8685 5527 617 8774 8964 
29 1179 9960 4632 5815 4186 3292 5201 7880 9851 9203 6138 545 2416 9160 4779 9681 2593 3891 3031 5697 6605 7862 4848 5686 9582 4619 5317 8819 3517 
29 2995 3265 2335 61 7279 5020 1076 4975 2499 4325 5687 3484 2610 4402 7973 6433 5731 8461 248 7041 9102 3739 2987 5359 6704 2544 3305 6656 2103 
30 7678 306 1143 1712 3099 1558 2775 7239 7960 5757 7401 8213 1630 8605 2944 7491 6134 9297 2070 9144 7403 2773 1989 7360 4664 2510 501 1991 9404 3227 
30 187 3660 6227 1247 4318 8699 9980 7086 6244 2310 1620 7419 4728 7958 3241 1721 1142 5758 6861 2975 1806 3217 1438 770 5184 8555 9148 1464 2556 9969 
30 3039 3581 766 502 5855 4084 4887 8494 2853 8469 1872 5096 9855 387 2973 3747 958 9683 6249 2259 8767 329 5328 4036 3948 8935 1967 7174 4635 2507 
30 5266 4189 994 9441 9699 1152 4718 3091 8577 9267 4652 2924 5000 9278 3700 5104 3605 4740 7189 7127 1180 155 5992 6909 3687 621 8272 7474 2157 4087 
29 9053 6791 548 6928 3844 4391 5693 2591 5223 9289 6097 8215 2887 5024 3759 8338 4902 4496 1240 3621 454 9519 7452 6661 1951 1333 2345 2925 2494 
29 2734 6021 1437 3260 8282 7790 343 6866 5084 734 9720 7267 916 5265 1063 7196 9103 1720 6127 5469 7085 6840 3995 6797 3936 5471 8771 6480 6491 
28 2717 1599 5771 5545 9636 1515 3667 8620 4348 2071 2725 6460 5198 8915 4855 3067 335 842 631 9746 1200 9379 9813 6761 8061 1255 8216 6804 
29 2603 6330 8432 7581 3524 3380 4553 7988 2679 5235 4579 2426 322 8639 7948 1457 8764 414 7079 2208 4731 8881 296 6659 344 12 9358 8180 6422 
29 7849 5160 6578 2933 8540 1961 971 4621 8848 4264 6069 6707 9466 6182 2845 4883 5037 8480 8156 246 7749 6116 9623 5017 6366 8077 4058 8307 2451 
28 2150 929 5952 2205 4151 7177 5610 308 888 3304 9363 5420 3416 7860 6591 3344 4125 8034 1743 4972 1478 8065 9905 4531 2571 3840 4254 411 
31 2921 7080 8653 227 1590 9612 8439 5126 9055 5875 1759 7765 8760 2040 5830 4423 6414 6438 4106 8119 7357 5047 4216 5172 3947 2991 79 3120 4714 212 9600 
28 9058 5233 3656 7219 434 8418 1243 1433 2788 7610 4844 5018 2019 7298 264 8529 2663 3261 7710 2750 5743 5452 6981 1580 8081 7553 4235 5823 
30 6430 2381 3693 1205 6983 7625 908 2096 8256 1679 2835 4435 5106 3849 2903 1171 6539 8217 7848 4359 4663 7293 5824 8179 2046 5110 8305 1678 4419 3116 
29 1434 8404 6879 8586 1059 3266 8711 3326 3429 5568 1092 7188 239 8925 895 6451 6977 9717 100 9644 867 3200 4362 4741 3938 9613 7008 1001 1637 
29 7318 5030 5041 9787 1560 2746 740 9235 6793 8486 5055 5983 6814 1490 8137 5752 8759 5239 8023 500 763 8600 5995 8772 894 8712 4680 2594 9556 
28 2870 5524 4797 5511 5534 9974 2053 5670 190 9658 5382 5533 1003 7288 7099 9122 7626 4654 4604 1510 3874 3165 7666 2721 4291 5092 5178 8009 
29 3448 7229 9992 6475 7798 4152 7952 7299 1302 2846 5189 9910 5169 6213 406 4368 5646 999 6400 9162 9237 5620 885 7498 4222 1119 6988 2371 7996 
30 2368 9861 8128 7402 2469 5999 7773 9803 6205 5312 3784 8511 7345 1618 3685 5994 6624 6851 9419 2321 6734 7640 5414 8342 9948 6022 4973 2881 3957 1099 
30 2635 2098 3210 8952 6474 7528 9165 3205 6979 2318 8655 3743 9821 6115 1744 3941 169 3499 6315 8367 6604 9234 2102 6548 7440 1279 8165 4461 9918 7417 
29 2922 957 4766 7929 2614 294 8281 6522 5439 5843 8131 3298 5852 4919 9763 6448 5924 5242 6739 3549 5891 6071 8014 1841 6943 4682 3589 946 7652 
28 5371 9446 2554 3781 8234 9721 6299 7768 9853 5763 8917 9247 7007 6471 4776 9810 9525 4812 9911 6373 9682 1497 2454 6833 5430 3719 6561 3143 
29 5959 9440 9695 874 4529 4587 2920 8718 2161 4483 5603 4028 8604 909 7114 7271 3047 3109 2118 5335 7945 9013 9198 5342 251 4695 3468 6061 9741 
28 6056 8579 9868 2916 2479 7249 8500 174 3018 8150 161 9092 6993 3382 3271 3458 5199 9709 6900 4928 6031 5025 372 5996 2537 9687 9650 537 
29 2584 8299 4794 7309 6509 2013 4252 320 8423 987 5514 1168 4873 8435 2413 4213 3886 7889 4162 4595 2871 5892 3070 5719 3842 1939 8501 6542 5320 
29 2758 3288 5492 9755 2430 7980 9504 2771 5911 6708 753 9871 6082 918 2348 492 52 9174 7093 6193 1343 8382 2856 4993 44 4840 6755 2668 7364 
31 5254 8607 4390 4068 9966 3992 1969 6519 996 3100 1427 9375 6862 1920 6601 4448 1664 449 7733 7143 1823 2023 7565 1687 1500 5408 7705 8776 2481 2007 63 
29 3183 3516 8472 9361 3598 4386 6242 7910 3651 3724 2183 70 8857 7949 1829 9796 3400 211 6058 4670 6700 9649 4426 5665 4984 5586 6821 6390 5208 
28 6975 4474 8781 9785 9816 3049 8442 1299 8876 6268 3892 5811 8661 9010 8762 3616 7630 6724 7510 3732 28 4013 4624 4108 7616 3663 5635 2630 
29 9822 8085 5245 4099 2239 5783 5857 6295 2937 6860 3280 7108 5828 7025 2424 9430 2466 834 1656 3666 1284 5145 3977 4733 7517 6495 637 9015 9914 
30 4891 2830 8657 928 1422 5086 1165 4597 8463 5301 3774 8153 4266 6352 125 7831 6282 9387 985 1286 7550 8091 3626 312 2926 8117 3168 1473 1235 694 
29 9191 5645 5149 5156 4219 2085 949 6427 2794 4193 2955 6705 8832 92 7290 3152 5982 3928 5495 6394 944 4859 5140 1978 5275 9904 7921 3555 7414 
28 2139 1125 1924 4957 5117 9874 6105 7227 2281 6472 3228 7076 6018 4713 3026 4340 2292 5131 2639 176 6923 9972 1061 4798 47 7470 6898 7264 
29 3636 2648 8543 1862 6973 375 4788 679 3803 1839 4396 8391 5963 5497 4603 2939 7172 4149 5399 244 6987 7269 2875 8706 3800 6932 451 2213 9527 
28 8725 3860 3772 1860 2048 5313 6566 6395 3192 4031 8258 8047 9372 6486 568 1598 2653 4010 8973 6894 162 6316 1546 2261 9041 2441 2493 2155 
29 3353 2091 5595 6168 2253 8766 8933 6389 9990 431 1694 7811 2076 5874 32 6175 388 2200 9156 3089 7535 1362 1372 5599 859 860 8105 1106 7063 
29 389 2765 9591 7922 4455 4005 8178 2334 8914 1555 1360 7706 1034 3251 4199 8355 1391 6628 5186 8303 9226 2240 5011 8045 7094 7156 8928 7978 6576 
29 5482 7205 1339 9891 2323 1236 7467 7392 4247 3398 5584 4914 6612 5450 4276 7515 8960 226 9480 829 2831 3980 2284 809 5391 4346 4257 5042 6441 
29 3187 2156 7096 2524 7707 8162 5229 2608 4950 6473 893 4032 5282 6908 8140 6453 7803 1033 8107 1043 3768 4563 1966 4505 3111 616 8484 5216 5690 
28 4611 7179 8415 3919 9190 5360 8790 6738 9006 4163 7753 4100 986 4743 1451 6611 7221 4865 5931 9125 3509 2529 9977 3208 7810 3328 9645 9802 
29 8172 688 330 1410 9621 9096 1138 8454 8249 4263 8466 9593 3131 8115 1873 4669 9119 1495 4143 591 4333 7391 8427 6289 2618 5559 3349 6810 7162 
29 3060 1925 8927 3149 1597 9937 2258 9571 9240 111 1683 4519 5347 8278 3003 8490 6432 3043 2690 2997 9386 6243 293 2437 6077 6818 8830 5621 8932 
29 820 4501 4754 8503 4415 3412 3783 7866 3780 1219 4040 1564 1747 6701 5220 367 775 716 4498 463 562 346 4121 2732 6325 3173 7123 7747 5255 
29 8598 7794 7448 487 2506 1562 489 3854 3195 1797 5035 6672 4952 9365 5720 2372 1057 6877 7023 1850 4203 8359 6917 6478 4411 990 2807 3444 1199 
28 719 1377 8227 4650 9129 4933 3242 3556 2403 1307 7336 636 3094 6757 5443 635 7248 6938 5977 5641 9265 9603 5575 3527 7164 1071 7322 5065 
29 4172 4759 3972 8003 3331 4677 2710 6286 4145 1118 8318 6552 709 9261 3096 5546 5040 1950 9345 549 7255 7092 9539 4850 2885 2834 4793 5551 900 
28 3190 8246 3701 1822 2841 6464 851 7240 2960 2799 4732 9007 2463 9411 9729 2462 1632 1652 6875 8580 4022 8635 695 818 2275 5667 1350 3642 
28 3883 7545 1768 7894 9899 7430 9467 1258 6553 6276 4489 3191 5766 345 2428 278 7888 1351 9509 4894 2641 5339 8789 4510 8803 852 3872 6121 
28 7138 7132 9791 1818 1745 1239 5522 9599 4745 356 3850 1166 7560 1261 8489 3657 1050 8900 2362 5271 4772 8127 1997 1281 638 2268 4866 9770 
29 9392 8502 7574 417 460 5713 5744 964 9848 8680 9889 5647 5998 9311 580 6100 1832 4509 2174 2665 3178 7250 6774 9978 4138 8895 120 2956 6614 
29 6933 1204 1040 6864 5826 3122 703 3858 3341 9442 2078 822 8337 5840 1838 9252 6991 4043 3880 3372 658 5961 7224 1017 3493 516 2273 6598 3767 
26 3016 5703 5532 6231 9384 3283 9540 2337 7931 7670 5412 8558 2014 7276 5956 5487 5640 7373 5563 4445 1586 4908 7923 6673 7885 7722 
29 6507 8669 4170 9459 4926 6767 6500 1151 1485 2947 2735 9704 5974 7696 3786 9050 4522 4847 424 742 3843 3726 1328 1337 8247 2572 2123 7841 1868 
27 5832 6488 1067 9559 6995 6580 745 1194 5821 7955 2260 4212 7701 522 6439 3576 3253 9530 6558 727 8738 4267 8542 7152 2911 6189 9827 
30 2223 8184 2332 7638 6030 2966 1794 8201 4642 4004 5100 6856 3553 510 777 557 4421 183 7829 8491 6736 935 9333 3627 5728 7730 3355 5970 5284 4329 
28 8141 3198 9584 2858 7986 7436 6658 7489 2525 7455 2629 2178 4430 198 559 1122 4525 398 4653 8856 8030 2503 6209 8520 7991 9423 2532 7187 
28 5260 804 1691 9251 1049 9907 5706 6128 8506 4229 2509 1002 1320 412 1905 1054 514 17 5750 3965 9684 9691 8088 9170 4820 6442 1946 9307 
28 9106 5955 6245 1148 7323 7147 1042 3335 9495 565 1256 3606 8145 799 4943 8095 3535 8313 7479 9000 1902 8451 7287 3614 2712 9869 9403 5486 
28 3117 7006 9568 5387 7416 7180 4076 3619 4953 4388 5238 6648 2852 7104 639 8190 2419 241 9758 3475 9834 4427 783 1930 2938 6068 9152 8887 
30 691 7642 3878 3643 5116 629 8526 7441 8154 8974 1837 7334 8448 7150 3028 1070 9292 2727 507 3737 5923 1696 8719 5765 4721 4936 5032 7852 7608 3748 
29 2849 42 8339 34 1417 338 1133 7110 5390 9339 392 9012 3020 9287 9207 5804 2034 7591 307 8403 3969 8071 2443 8393 2962 1798 6762 5481 8096 
28 681 9054 9460 5462 1175 8277 2058 365 8292 2707 2243 7906 5289 259 1482 3684 903 1346 4202 3690 8704 7311 9036 8084 6356 5787 3008 2565 
27 6096 750 6729 3921 7650 8072 2375 117 6535 7812 7131 8189 9043 5581 6220 6714 6649 6863 6043 8064 3538 9101 2491 8146 2904 4516 1993 
28 6781 1824 2241 8919 6407 4573 970 1898 530 4864 6989 8815 2080 4602 8422 7378 3204 4404 6087 4269 118 9849 3841 8533 1428 8941 6942 2388 
29 2038 482 3765 2693 273 357 7176 8320 5587 5159 7304 5192 7059 858 7962 5191 9564 4570 3824 2045 7646 4245 9259 2597 7505 9805 5526 2380 7533 
29 5604 1030 4568 1139 5263 2352 1229 2242 8649 789 1218 9110 9677 4992 8007 1137 9757 8707 6110 3255 3738 5143 8075 2434 2393 9912 8959 9697 3531 
29 6570 2996 8654 5185 1505 4286 2359 3090 743 7835 1526 6582 2316 3065 2739 5652 2043 3884 759 1940 4626 723 8852 6293 3649 8750 953 2134 5517 
30 6130 4581 8934 7552 4400 1659 2295 9456 2674 8274 1692 4941 8552 4930 8436 30 5505 1858 8041 6789 6896 6880 9550 9661 7289 2819 4872 4422 5991 7010 
28 6812 6897 5555 1520 5244 5990 7375 1368 4630 110 9035 3982 249 1774 713 4549 505 4389 6020 8612 5363 8326 2694 399 6503 8024 7593 3048 
29 327 4830 2793 7120 3396 6718 1677 541 4185 4306 7875 1557 1742 3923 4371 9673 9066 8321 4763 4778 579 8531 8160 442 5549 3653 4353 4097 973 
29 701 9248 810 6092 9454 6966 4313 2232 7693 2595 2547 1206 4379 5848 213 361 8614 2299 7003 5034 1775 423 7197 2376 8343 6203 2915 2901 3952 
30 1826 773 8678 5134 906 7992 9147 2838 5639 5969 5879 6225 8413 2465 9455 693 6930 1537 8804 9016 8048 2621 9879 18 7618 7791 5926 371 1212 2436 
29 5634 7781 552 2012 1250 6255 9494 3871 5105 6630 2097 9979 8721 7532 4128 2125 6078 324 4924 6247 945 3689 898 9523 4615 4384 1027 6546 4131 
28 8854 4634 7439 8890 627 8651 173 2470 7703 3742 6651 3356 1870 3446 9421 6924 2047 6527 7826 8301 8557 9680 3559 4297 6573 6435 6179 960 
29 7674 7297 1842 6871 1608 3733 4858 4487 2039 4691 2522 6997 9628 8509 5800 66 8401 3602 7064 97 3564 9744 4209 3163 6251 9563 5618 4965 8799 
29 8980 5097 5197 5675 5171 605 899 9183 383 1007 5793 8296 1698 4294 8378 2060 6223 1195 6939 9429 4781 1475 3023 6569 105 4517 491 119 4594 
28 9581 7613 2874 3951 3744 6379 8831 5296 8182 5659 4774 6585 6429 8814 7882 2475 5958 595 3718 8086 433 6733 1031 1375 3014 5491 9161 6625 
29 5835 2191 3128 4937 8613 215 35 1322 6854 3167 2055 3058 292 7549 8883 7044 7700 6940 9534 8230 6525 8863 2089 1974 5615 415 9723 5365 2480 
28 9145 295 9718 6857 1051 1178 2279 8791 6764 1193 5070 521 8861 6143 5152 6904 6726 8414 8921 5920 827 7263 6858 5538 7970 4380 6371 2528 
28 7833 2766 4773 2472 9150 9462 2918 2410 4457 5407 3925 997 3795 8334 9299 6968 1225 7103 2598 8656 4308 3002 4907 262 7090 8317 3059 2254 
28 3425 1595 3575 7230 3009 3318 9394 2322 3130 9973 9087 4565 5080 2165 6450 5978 2484 6526 9693 5745 269 5217 7520 8810 3734 1540 4767 5193 
28 9832 5673 1348 2263 7151 5726 4323 9350 2562 3989 5440 2946 5579 3806 7859 2287 9040 5419 3776 3788 9357 708 3224 4287 3959 3758 7854 647 
29 586 625 6610 2482 9702 6278 3346 1222 6978 8993 6666 648 8892 225 8149 3463 1840 4893 2307 4023 9566 1324 9399 4012 9766 8782 321 4707 7260 
30 5455 3042 2297 9075 7244 7367 9708 5188 6369 6312 5523 8224 4019 1319 683 2759 7102 2219 4406 840 8419 4464 1077 284 1311 640 1509 6074 5050 9192 
30 3440 3756 3119 1670 5461 4195 5542 8093 9583 6328 400 3791 300 403 2235 844 2015 6376 4704 1366 8869 7971 3750 5558 1374 6201 6901 4592 824 4821 
29 7320 9246 9366 144 5566 8714 6304 1998 3430 1883 6357 3055 8939 2724 157 3389 9630 6905 6417 9337 7797 5607 1782 6899 3450 1227 3289 2075 6865 
28 9351 4574 1330 7516 3442 6123 6221 2021 3887 2286 2062 6098 8345 1029 9326 3343 5174 744 3773 3999 6081 3309 942 1254 731 9293 3826 8753 
28 1785 9688 281 8841 9627 7286 7065 8076 1897 6606 5064 8611 3705 1458 4477 494 8196 6678 1084 5165 8209 8853 3424 1626 6358 5844 6650 4915 
29 2772 4260 4701 1407 6374 4018 9825 6099 3934 5935 1082 7284 2857 1126 5909 5786 9214 4493 5043 2650 6934 8102 8716 2177 7154 9863 2041 8539 6173 
28 2440 5801 182 7331 9123 919 132 4566 4341 472 715 2656 3095 1314 4471 8168 4438 1581 5463 5111 7920 8287 8940 1576 1705 8037 2804 419 
29 6340 3827 9635 69 9033 9777 2622 250 1127 9733 1423 881 7432 7589 4925 210 8610 6146 9551 9896 7241 6165 3725 8962 149 6490 624 4526 9941 
29 7782 2607 6200 7752 1024 5066 4278 9272 4083 6084 5906 1709 9228 6114 1494 4148 3641 7881 3378 5444 6349 7736 1506 2884 1834 6783 2516 7805 1911 
28 4182 6770 1113 2769 5226 9097 6826 8920 5878 8493 8617 8294 8591 9389 1552 8175 7676 3088 3973 2172 139 2074 8576 6832 2779 9916 2456 8314 
28 7277 8896 68 5516 9752 6027 3997 1012 8783 4334 8859 6378 7884 7557 5268 3837 9405 4742 7366 1987 5753 9433 2197 4877 205 7764 8167 4576 
28 8044 4949 5973 5377 4777 158 2391 4524 9149 7743 452 6674 3360 3502 3063 4280 7836 6946 6792 6140 2787 5449 7490 3098 7386 3421 1533 711 
29 9141 1942 910 7449 3907 9241 3917 4478 4025 3648 8894 4383 3456 3393 585 9312 8028 1336 9730 8692 1569 7017 8633 4593 5261 1486 6776 3472 6632 
28 3155 2351 3383 3932 8471 1994 3348 141 5900 6185 3825 8824 3584 5833 6895 733 6758 481 1619 488 8923 2117 3996 8672 1881 5780 6235 3107 
29 493 90 5136 7636 7442 1715 7488 1344 2728 4413 3144 9529 2188 331 9844 7692 4845 6353 5672 992 4854 5933 7892 4468 9277 192 8487 7850 1773 
29 8078 1130 9202 4535 2353 8966 6727 8873 4044 9883 2373 5699 3284 9118 533 1114 5187 4836 9779 9532 6118 1208 7658 25 5173 1943 6029 696 496 
28 8858 1415 8710 3679 4607 3347 675 2687 902 1971 203 3515 7237 2500 8348 8031 2692 2087 8054 2676 7137 9318 5571 3661 3406 9615 1503 7936 
30 5588 816 4994 5997 3367 9027 8834 6361 1895 8912 7409 8808 6976 5108 5048 5202 7385 6104 912 5468 4206 6047 4324 2612 6086 8018 4913 7772 1367 3595 
27 1408 8730 4765 6155 7867 238 6676 2266 266 313 2760 1585 954 1308 4230 4129 5688 4860 347 6126 6801 4979 856 1393 6397 6332 4771 
28 3873 8948 49 9130 4716 4309 1784 4385 1304 8877 3548 116 3321 2204 6321 2951 1013 7578 9985 3900 2196 8456 8818 1594 6305 3024 2879 6202 
29 9601 3782 6595 3698 6284 4739 8176 6902 3905 8238 1749 3507 5611 2682 7953 4139 4232 5493 1523 179 3017 5004 6254 4790 1237 480 368 6680 124 
30 3216 1846 5966 3682 3177 1588 6634 4356 980 3340 6263 9127 1988 1044 3807 5072 6841 2341 3596 7961 3485 1090 5544 1018 9335 4407 4811 3074 9410 9154 
29 3491 2517 1196 9685 2573 1241 1612 4231 6419 4889 1545 532 4582 5200 3974 7146 7757 9276 354 3244 3550 7211 8430 9789 6053 5386 390 3956 5044 
30 4904 2713 3534 3044 4050 9719 8006 7296 2917 5293 1011 9029 1935 6941 628 7587 8860 2972 536 5799 7098 2081 8357 1912 8648 1957 7738 1615 8412 8465 
29 7851 7566 3460 9930 9273 5102 704 1904 8005 8289 360 8222 3686 4617 7725 3250 2364 7181 1246 19 7547 9245 114 1277 651 8244 3083 4135 6596 
29 3592 7175 3051 9128 9751 4001 2301 9753 4799 7024 7761 6191 9750 5691 1498 8787 6594 2485 325 3433 672 7434 5518 826 9667 9476 1010 4832 5561 
29 1579 7047 5324 3903 6790 8884 682 8572 4117 4577 3364 5404 5332 4045 475 3287 904 5773 4719 9230 3793 1274 4409 1108 1815 4026 1295 4345 9799 
28 4523 3240 5967 6935 4966 873 8726 4116 243 4500 59 1402 2017 4160 2540 7200 1376 2026 4991 3097 3223 5088 6911 3369 8559 9987 4556 447 
29 4115 3632 5475 7648 9095 4393 2129 1541 9554 1083 5781 4591 9216 5306 305 4373 1511 583 801 5458 4508 5141 9536 7074 1518 5747 7801 4708 7134 
28 4119 2847 8166 8624 6073 738 2770 484 9949 6037 2011 911 3926 5820 917 5648 8847 7879 1884 3736 8748 3699 374 7477 882 2059 9431 6090 
28 9180 9360 8125 5942 8950 2664 3703 6437 7317 5802 5023 1228 1214 5451 5839 6706 3939 5001 1845 7070 1332 8275 2905 6499 7542 6303 3062 4871 
29 3831 9764 4757 1614 3845 1740 164 8911 6230 1431 7802 3846 6386 673 4120 8283 101 7823 7208 5288 6034 8676 1331 661 3237 891 1550 2215 2504 
28 3766 7511 7173 4917 6869 1760 2644 7561 6236 5045 1158 4869 8035 1661 7893 4756 386 6039 6957 2361 3561 4613 5232 2311 4561 6320 5562 4300 
29 4967 474 6461 5472 8833 7667 6551 4089 8528 1301 5509 9952 7877 7740 1145 95 1383 6466 1216 9897 8570 1617 543 7754 8779 6533 4352 2431 2783 
29 1813 1191 4751 3322 2815 4983 8746 7751 2477 8040 1643 4720 7990 3893 539 700 2226 2411 3728 4301 1722 3526 7501 7354 2248 240 5774 6663 1766 
28 2586 8545 9257 108 170 1220 4053 1198 8673 3544 8603 718 1023 9739 680 2882 7795 8310 9706 1970 8735 5735 699 5560 6059 5918 6947 7886 
28 3709 436 5721 5553 8053 9258 2840 5506 8641 9126 4431 6238 4825 7612 8630 4424 6384 9776 1624 9269 4536 5190 3426 4061 6532 9164 5002 1651 
29 1999 5147 9942 1983 1499 5423 3755 7061 1174 6331 7268 1493 1919 3464 8341 3102 5056 2133 3945 8705 4220 1155 3994 1685 8197 3274 9767 4585 5666 
29 3922 1359 2813 5349 663 4181 3949 5742 7405 8123 7305 6224 5890 4546 3983 8713 8867 884 7027 967 1476 2471 7687 2778 8241 31 951 5418 6172 
28 7245 8364 2069 2384 9772 53 9546 2574 4194 2009 6171 9964 3488 1621 8135 3073 6963 6476 9783 2458 3115 8344 3542 737 9542 287 8879 722 
27 577 7186 4122 2228 1053 9590 216 6994 7111 576 7484 1889 2044 2354 8601 7013 2216 1910 8817 1945 8163 880 9291 3909 5678 6269 3021 
28 7136 6982 9200 7724 2930 3722 3001 9078 5369 51 3986 1880 5118 6060 9177 6545 2432 5631 6054 4711 7198 4173 7897 2927 6654 5161 870 1990 
29 8786 8504 5564 350 3620 4636 4948 3103 6547 4446 5904 7195 5768 8352 6892 9609 2206 4164 5038 4879 1561 5888 9652 4038 4020 9023 7729 2585 4978 
27 6613 3452 4503 4217 5598 2873 1854 5396 1121 2280 1215 6367 6174 2704 5519 3418 6050 2420 9801 6019 2377 9514 5819 3547 3092 7004 6055 
29 6042 1568 5756 1140 3462 1390 2167 1804 2433 3500 6690 4544 9497 8938 8886 1636 3961 1161 1578 72 6023 8069 29 1297 8770 6002 7804 8092 5240 
29 7653 9740 8740 5129 7109 571 4530 3741 2027 5343 7450 2050 4002 8248 7077 4637 1496 4800 6124 9726 6064 6131 1107 5155 7602 2203 6008 2850 8805 
29 8424 5326 2890 479 9836 1264 9242 1160 1821 2624 5121 4533 6948 9279 3477 815 8370 6725 1291 3566 2880 4755 6489 6317 7332 2523 4643 5007 5453 
29 3875 2198 7031 5537 3953 678 4694 2774 5406 8211 9420 3603 9072 1952 922 7310 5643 7353 6759 8674 3357 4558 5792 7220 4905 9679 448 6149 7774 
27 526 7337 7251 1675 3139 1441 4673 3480 7046 1096 6318 6693 9303 1046 2077 3129 8837 5123 7083 2688 9638 4463 6 4337 5276 4940 6017 
30 9413 1573 7115 8875 1124 5896 4730 1917 4017 8206 6918 3434 5905 5664 1094 5971 6204 5154 2684 5139 9105 3270 520 5234 6431 6013 9080 7997 5227 8618 
28 1808 4349 256 6032 6313 6985 5433 2247 8700 2802 4882 3121 8020 8650 2237 3301 56 7570 6839 8825 7530 963 1878 2533 8987 5859 1399 9558 
29 5014 3235 6992 7253 5151 515 9665 2238 4758 2989 7257 301 865 8094 9959 7853 9507 3319 1941 4086 9171 668 506 8188 3045 6506 937 1522 1864 
28 1717 1387 1704 3476 6410 6822 91 3182 2961 1317 4140 5124 6025 5993 5767 8732 7898 4780 4133 8380 6855 5085 6076 2718 2385 5375 7270 6511 
29 9168 8961 5903 7982 60 6876 1203 3170 7142 9178 5578 2116 8989 6406 2342 1221 6334 2899 2460 3915 9541 9210 7252 5101 1305 3601 3645 2936 7326 
29 8220 5535 6265 4239 3612 5860 5052 2745 420 6015 8147 7928 4376 6063 4551 3437 3409 7438 9465 8868 3964 9114 7465 4999 5582 7107 6881 8514 5638 
27 3249 7606 3899 7191 4123 3731 9864 5512 8904 4647 1395 4428 2404 1856 8362 1567 3820 7425 2974 3296 9479 8104 7972 77 4841 5789 3870 
29 9049 3832 7793 1037 5668 6556 4096 6036 9725 4831 3105 4564 2495 9414 4226 2283 4051 1640 8379 5338 4102 7204 5981 5337 2731 378 7371 3857 7492 
27 3387 9038 416 4896 229 8937 9989 3604 4079 413 6287 7785 1796 3377 1413 9047 4094 923 7582 201 6109 6355 441 9353 3311 5928 2296 
30 9159 377 8177 2512 3735 1448 221 1009 1411 2303 323 9173 933 115 1406 7233 6998 8667 2910 8444 776 2347 4000 2340 9069 1765 8060 2814 8479 3082 
28 4078 5130 7695 9019 462 2024 2642 4692 841 9737 8499 1799 2262 3730 3894 6365 1886 7292 1903 1164 2222 6089 1086 1716 547 6184 836 9481 
29 175 3076 8170 40 8261 9761 1373 6112 8518 3532 9919 7423 7370 3981 6772 9668 1047 2379 9017 3466 9271 8173 7895 1874 7281 5593 3030 224 6207 
28 6423 8121 8073 4006 4249 1923 930 209 6559 3086 3794 9728 7404 4343 5947 5695 407 5825 8304 3394 8181 9331 6239 6260 2862 8880 7861 7568 
29 8995 9727 9756 16 4910 2166 2429 4377 2142 230 7473 3273 4612 7242 5716 1535 3927 4118 9922 7398 6458 9402 2784 1538 8846 6798 1150 7718 592 
29 207 7216 4808 9224 3764 4314 8050 3420 9451 9317 4460 4988 4667 3771 4829 2300 4656 9587 1955 3600 7444 2669 195 1470 6181 7029 1928 7908 9895 
28 4935 8383 6151 4279 5968 5654 8375 7896 5253 1032 2028 5309 8855 6129 1963 4258 3971 7231 7447 2898 9319 160 821 2115 8110 2907 2786 7911 
28 9014 6668 3937 2715 6748 6922 7259 7201 6215 2001 6715 4921 5442 7846 6253 2671 2193 8139 6045 4016 3397 5715 9819 978 8981 7002 8583 6730 
28 7418 9561 8399 5153 1197 6912 1689 3558 3185 2061 4062 5329 564 8426 8901 7779 2568 5272 3638 5164 129 4569 2883 1682 1975 9748 2530 2659 
30 2851 7382 7569 8566 1398 8549 8594 185 9675 1370 2230 4047 8931 7247 376 48 981 6621 1973 1565 1649 1157 9313 5932 5016 2844 7856 788 6133 9138 
29 102 280 5334 4802 432 2358 8257 5424 6470 1477 7190 8623 359 3819 2056 7012 2326 4492 8587 326 8795 3787 9472 7512 5660 8100 3226 7537 9204 
28 78 4447 1556 2459 1080 4628 8970 9936 5862 7661 2030 2255 4295 5427 1719 8373 9674 5554 9195 7571 3338 1570 8556 1728 5809 556 5897 5707 
28 4768 9692 8492 6003 9817 1575 9955 9107 739 7415 546 4284 1097 9824 1726 7124 7622 4596 1190 2449 8729 4210 4039 892 1629 6094 655 3810 
28 7584 4494 457 5127 1737 8250 9229 1735 5278 4241 1724 8821 2004 1968 9712 3213 64 1710 5605 8212 1072 9061 2302 9025 2706 9505 2249 8696 
29 9888 3704 3681 6493 653 5318 2673 435 6750 2320 1309 8755 8512 9367 1706 5662 2231 5816 508 1335 1814 897 6602 7342 486 3583 3474 3913 2288 
28 9435 5467 1816 1835 8074 5949 8368 7513 36 2892 5397 3431 6310 6187 2560 5356 7155 588 7262 4429 1605 2190 9508 8527 1762 6028 7424 1778 
29 2209 5837 9336 6250 4034 1462 1095 4969 3745 6740 8122 9089 3454 6780 4578 1353 5622 1848 3408 2272 2515 3933 8408 10 8823 1404 5729 8945 4625 
30 1574 1512 2442 5632 1465 289 4795 4273 1253 4110 4822 1723 9249 1056 4862 9588 1616 5884 1338 4499 8473 8354 5922 186 8606 7770 3906 1638 6732 8385 
30 8946 3025 8434 9797 5298 4250 7572 7777 8235 2175 4997 9281 2120 6368 7663 965 2872 4033 302 7141 6589 7599 1455 6465 6040 8695 9244 5960 6952 1648 
29 934 862 2954 8778 1429 768 6990 4134 5434 3508 9793 7596 3246 4918 2251 6653 8519 2227 3248 1901 8361 1982 3483 3081 3859 4437 8640 3188 7527 
29 7426 9445 328 8356 6150 1631 9329 5218 1802 597 1104 7531 4835 2675 2666 7184 8276 756 2271 9005 6372 6536 7902 7714 2626 573 3345 6217 6135 
28 9189 27 5069 598 3707 8108 8012 975 5401 3388 9562 9664 8752 2730 2982 1456 4244 3885 5708 8312 890 9605 6139 4008 253 7246 6842 202 
29 1141 1752 7397 9933 6102 7723 4183 9406 5176 8483 1668 6183 3134 8446 1914 9290 2658 887 5841 6777 5494 765 298 4783 9713 6153 6266 4923 1298 
29 6229 2086 9743 5112 9382 9629 7087 3151 4589 7745 1516 84 5352 6024 9334 9595 8975 5205 5060 5616 6095 3053 5305 5702 6709 9064 1184 7165 4901 
28 4466 9031 5934 9352 2186 4175 8754 9622 9059 4931 3313 4657 7830 6811 178 8882 4328 8720 1265 6691 5626 317 2553 4705 9759 5685 5257 9768 
27 4052 7539 8286 8130 2555 3332 5580 8264 5861 3565 9482 3174 9081 7130 5299 5531 180 7168 104 6805 4651 808 3459 6327 9398 9786 3504 
28 1048 596 5213 2305 7579 2339 1300 5596 8389 8728 4201 644 9618 3585 2970 9617 5248 1502 8997 1273 9926 2575 3257 7601 1396 9113 1875 4977 
27 2805 94 9104 8120 7116 6016 4722 3439 437 4559 7522 6954 832 7739 5214 2108 2181 5980 9432 8664 6342 3374 2638 8637 1820 7966 2634 
29 3423 4922 656 3659 5333 5868 4302 9485 5315 6675 6188 4443 8507 4583 838 3920 2256 830 1231 4861 3000 921 4912 5445 9020 2505 1288 8151 3071 
28 6950 5383 554 6402 6445 5945 2154 5157 8251 358 21 4440 1436 3390 3175 2508 7514 5628 1471 2827 1357 7562 2025 5294 41 7938 9724 3232 
29 5919 4980 3258 3005 5456 9678 2609 6393 720 619 7037 7525 9300 9185 8560 611 5539 5236 8016 4159 151 1202 3447 5515 5882 8916 4354 4111 4347 
27 1572 8394 446 9408 5448 6280 4298 1525 5975 4262 3315 529 3695 9002 9877 9409 2806 7433 9521 5203 4729 8838 5629 9705 2999 950 3554 
28 3153 3665 4088 7060 3 3411 1639 2450 8322 6872 5951 6145 9158 1223 4365 5485 3960 3852 3337 3597 7594 7139 8955 7280 1446 4268 5681 8311 
28 6392 6980 6959 7864 3954 2401 7361 4387 1767 1693 6210 584 2314 2082 8871 4815 255 9928 4405 2733 5576 7055 2360 634 8218 6513 3529 4644 
29 4960 2698 3361 6463 9884 593 7842 1238 6538 3678 5222 8214 3955 7072 8864 2464 4146 5541 6965 2022 5676 1514 2374 6103 7119 641 9452 6142 4964 
29 8097 8183 1807 6117 6563 6753 3479 3830 3770 4158 9771 7824 2389 6735 5606 3674 2708 471 355 8703 401 6290 5776 3219 7508 1015 6626 5836 6014 
29 9371 8440 336 2003 3557 795 6007 8022 4545 5425 9067 8159 907 1929 5504 3888 2888 9999 812 1591 1394 5722 4971 6579 2383 6916 3057 8619 4690 
31 1769 6557 5984 4458 4560 2137 5166 7872 6562 2415 5856 4281 7377 7459 8842 6502 5409 4693 1224 8827 6035 5979 7113 2655 1633 2667 2308 769 1484 7947 2107 
29 152 626 2418 8324 2914 7728 2868 3647 6523 5429 2651 8437 781 9448 4351 6644 1088 440 5927 9396 1432 3673 2079 754 181 6667 1323 341 4188 
29 660 3482 9227 5483 4200 4567 6616 5457 5570 8477 886 7355 1085 7809 6483 7307 4838 5331 4842 1116 4007 6477 3578 7052 6222 6041 8070 3918 4539 
29 6808 3720 7015 1036 3373 2049 4627 9477 6874 4885 8944 3506 5291 5411 3568 8475 9483 9295 2886 3414 6529 9298 3221 6241 9572 652 2737 8402 3375 
28 4071 9589 9131 1809 8237 3267 7891 1707 9531 8325 2943 2948 9370 4161 9707 3897 8226 5393 7624 7780 4528 8428 4319 4608 8068 6823 3403 5269 
28 6424 4662 1285 2169 3696 8681 6267 1888 9798 9093 9815 8347 3798 4986 3801 7069 2245 1732 6775 9088 8785 8079 349 3998 5536 2902 9782 9700 
28 5057 2090 1491 4327 6177 504 6703 9762 8004 6233 4130 8335 5854 3646 3211 4027 5614 2246 438 9578 3691 8388 6631 6577 6637 2895 2952 8694 
28 1587 5388 8903 3694 4622 3851 4703 4048 5168 6344 1688 7068 9179 4074 1504 4109 8210 1073 2112 6004 7686 1232 2392 948 730 587 8784 8816 
27 5046 3169 6890 6234 404 4192 9909 6309 1777 7671 8330 7009 4215 6544 5477 1469 3359 2319 5778 2543 366 6986 1877 5196 3668 6157 2217 
29 8849 9662 2000 1100 7232 4355 630 9986 5769 2083 5311 3817 228 7509 7363 3370 9427 4534 9920 8397 6070 1827 6702 6248 7544 8416 2670 4037 6091 
30 9111 4805 9747 5115 7742 4165 163 6167 6971 4900 5749 1548 6849 4132 2632 245 4434 6009 8396 2402 7959 3189 2934 3498 3848 9112 2828 8585 7178 4916 
28 13 6543 2330 6258 8273 2394 33 9310 8316 3908 1647 3453 7308 7346 6742 4113 7834 2929 8459 1356 2764 5319 3478 8515 5569 8918 7654 6405 
29 6197 3929 6294 2940 6351 6322 6411 2908 8812 3683 7815 6927 3435 6665 5379 6380 5590 4103 4787 2192 4225 4024 2162 1869 218 9710 2357 5513 1627 
29 4764 3496 4238 2876 2767 1795 5499 7054 6919 4370 1290 8562 1933 189 2546 2278 2564 755 4357 4899 6913 9610 7480 9557 9143 3148 2985 6843 2423 
30 7937 4236 7011 6925 6444 5525 8913 1944 4003 6329 6609 9332 1934 6829 866 7053 9560 8155 8233 2580 3809 2159 6101 1857 8777 6136 7214 8589 6647 6479 
28 9714 1539 5209 5247 2141 6520 2439 7393 7483 2511 1986 2986 8455 4511 3061 1052 9830 1906 7040 6199 8340 9715 1447 7595 3988 7261 8548 7907 
29 4974 2202 4481 9052 7519 5144 8634 7379 425 6795 391 9908 2382 7118 1853 982 9734 4645 3371 148 7814 8521 9167 1995 566 7968 9444 8683 4331 
28 3590 3247 4944 2252 1644 7668 9223 5163 8458 3229 4990 2397 1144 1418 3514 7763 7206 4752 2596 7825 8405 5872 1811 2257 427 4683 6974 6301 
30 602 4397 5653 9042 3150 9625 6622 6359 2289 290 4857 7771 2825 109 4098 6426 1713 2445 3790 7573 1296 4073 4620 1443 2427 4196 3779 3101 8360 7272 
30 9321 7855 5889 7335 2293 4227 9831 956 5772 8874 1074 7039 9057 4599 5015 7167 6786 6302 5957 8199 7095 707 8508 2865 5158 5795 3207 9971 9873 7234 
29 4141 159 2365 1976 2578 3757 6731 572 2797 7202 5028 2590 741 5417 8255 5727 8051 6807 4541 2602 9009 1513 1529 8323 4490 1634 2789 9841 2894 
28 7576 3505 5529 2140 3623 9773 3804 0 4190 5012 5597 6252 2720 133 6006 8578 2798 4648 7732 260 9775 8157 5225 6534 3710 2487 1851 7460 
28 570 8590 5476 3518 5251 7637 3079 380 1081 1189 2891 6510 8038 1530 9570 9140 3325 2941 6949 3749 4537 3586 5946 8002 65 6722 1551 2149 
29 962 9443 528 9632 6237 1430 9961 4809 1549 4095 3402 2548 2842 2967 1830 7212 9469 5389 4399 5087 1534 8449 7486 4450 8979 574 3202 7555 9604 
27 7883 6687 3339 2396 8615 167 3644 1306 4055 5297 8284 6085 7712 1771 623 2714 2407 5246 1252 3935 1843 3712 8363 7192 2008 6498 6537 
29 5465 8568 3471 4909 5181 8046 9356 4395 5748 6567 2931 5550 3314 2686 4813 920 1536 9077 1623 4618 165 7904 2421 828 8203 1543 9927 4512 3808 
29 4065 286 4807 7384 2135 9963 2298 7840 6944 2176 878 4290 3147 3010 8761 9876 2130 1156 646 9239 9137 3032 8905 732 3157 7478 6496 3334 7456 
29 7633 1271 2836 6889 3291 3238 236 5010 9808 1089 3110 7983 567 1467 57 6629 3799 1789 2625 4441 3140 8136 876 88 5985 6377 9388 8715 9784 
28 7662 3628 4507 1926 2168 9489 5125 106 2832 4792 8089 39 2859 8066 153 9598 5295 4706 7283 1992 4041 7389 1005 1347 6660 8582 936 5392 
28 8099 9887 1805 2599 2051 6481 5022 3625 200 2552 5175 4375 6646 2171 270 3512 1611 9867 348 5283 988 4449 4150 4571 6159 6633 2267 969 
28 9488 846 1751 8733 4126 9391 5916 3984 8262 4292 7466 310 2818 2576 7431 6226 2290 538 2131 3751 7669 4484 8647 3141 3940 7951 7965 9163 
28 4753 1425 5908 130 2343 8954 8564 9648 2233 5403 8573 2184 8482 5027 1416 8087 7808 3615 6571 7 5250 1731 6339 6415 1022 6524 9607 2084 
28 7914 3209 4543 3302 2755 2201 2106 6752 7660 4527 7816 1589 1972 5962 3180 2631 3552 2029 1087 1334 8280 7445 3066 8567 4995 8011 4962 8194 
29 8346 551 477 8530 171 8924 5303 9324 9270 9690 199 1524 6719 7112 5842 4378 1117 444 268 8098 6107 6370 6501 814 5813 5849 9968 2587 6627 
28 7148 3775 8481 7020 8445 4304 1593 8478 4938 7330 9368 8813 1176 7623 7656 1736 8133 4868 9083 4554 3230 9306 8302 3214 4412 3958 9296 3386 
27 3363 3171 3640 817 952 73 5925 800 8042 5508 3286 7554 9490 2551 1453 8982 303 7476 1803 4208 7140 2824 4105 6360 7843 6639 4184 
29 4322 2550 4259 7698 3811 3036 6618 3528 5739 4588 1269 4243 3310 8390 5075 3525 3639 4321 8259 6469 7874 7303 6771 9686 8219 7677 8236 7806 7820 
28 7427 405 7014 3278 9520 8992 6859 8646 8840 8309 4178 6999 3124 603 8329 2581 6403 1450 8947 3282 4709 3358 7101 7868 8845 9828 2444 6806 
29 4804 1831 4951 6655 6275 3716 3443 5138 2435 7078 2558 8245 2370 2833 3828 4332 1876 9021 7975 7963 1159 6825 9503 6769 8736 9347 8744 4063 6906 
29 5777 9243 498 8949 2752 6868 1131 8897 8377 1120 1852 38 76 2092 1847 5006 5565 5484 9647 4911 279 4939 6108 2160 714 1266 103 7934 6088 
28 746 5944 8143 9219 9115 3881 3541 7356 3912 9818 3494 1960 5817 9256 8780 14 9596 8626 7634 6831 5710 9950 5764 4228 4274 3970 362 7690 
30 4852 4303 2152 667 1600 8575 1547 6446 9084 6515 1226 9993 3834 8371 7702 7556 8972 8702 3162 5103 7372 7913 9496 5657 2559 5711 4224 8298 5410 4361 
28 654 1312 7694 1278 6677 4639 4137 7927 5838 8013 4223 8659 3136 2617 1894 6521 2327 2128 9518 7685 1703 1110 8690 2269 6972 4998 3530 4275 
28 138 6683 5113 8049 3050 6125 1996 9461 9314 4958 6914 258 1280 231 6846 7758 4059 3419 9749 8524 4029 4403 4326 4360 4479 2119 7697 4747 
28 1965 3181 9951 9811 837 5058 4472 4880 5704 1233 4127 5137 6192 1452 3692 6111 6768 4305 5078 7226 9048 8202 1112 889 8164 5280 9995 2367 
27 9543 5939 5886 8547 421 2912 8410 674 3158 2654 1435 4344 7157 9008 7018 1571 4946 2702 7956 7193 3133 7799 692 7100 3931 5779 531 
29 1577 9417 2604 2526 4697 7408 1865 2541 670 5119 5036 2643 1650 5761 6398 758 6079 4453 4826 3012 1355 3087 9364 4255 4459 2105 1916 3422 8636 
29 8057 3492 8870 8118 6910 3610 6710 6057 22 7038 594 3146 8691 5073 1667 7681 3740 6343 2592 3077 4198 3294 6583 4366 7463 1601 2969 277 9346 
28 9988 8835 9506 3268 7845 2057 883 3882 4785 6820 6354 2685 1091 831 2741 1977 7813 7943 1729 7420 146 5381 2250 6745 4532 7837 4339 2611 
27 2265 6001 5865 2037 5308 8421 941 6747 5146 4929 3863 2826 2121 58 2151 5594 9471 4572 657 959 6066 8902 8058 9947 3664 3769 8909 
28 1386 6671 8565 4442 3536 6262 1414 7675 8627 5142 9760 1915 5162 7043 8796 4080 2697 3327 9511 3792 2002 3676 5286 4927 426 9463 4775 8392 
28 1109 2496 8134 968 3405 7865 1770 1657 4174 3262 9654 9906 6298 3441 6462 633 5573 5733 9401 7446 1979 7301 9620 3588 9698 5054 9847 2338 
27 2378 275 6888 429 7575 7721 606 5177 7916 135 5592 3563 5259 5330 9390 5737 955 2492 8113 5754 2461 2619 2796 9633 4762 282 7540 
29 3123 7222 2777 3950 9754 2801 7800 8263 550 5366 8889 5791 1459 6484 7493 1819 3574 3184 608 7051 9938 9449 5180 2065 6828 7731 1607 845 9212 
29 2672 7639 3630 2399 780 6657 9407 6409 7468 6711 7328 5770 6728 5808 3401 5746 4610 2333 8056 5267 3093 1381 1628 2294 8043 127 2291 7153 3399 
29 5500 7494 2557 3264 1758 4082 5619 4734 7993 1259 4497 6773 8722 6399 1517 6530 7236 4609 7333 4330 2180 9369 1318 9886 7746 4947 1672 8470 2518 
29 2417 8205 8851 6936 3702 1604 8609 4315 9327 8689 9545 223 7620 1146 9716 5076 6850 3432 8671 1075 1463 4968 5300 8747 20 4895 8187 8631 6148 
28 8709 8366 6623 2350 4784 5883 3573 4452 8638 6412 4504 5249 9434 9217 4312 4737 7999 7428 4786 4285 5089 9108 7717 4271 9045 8270 9109 7207 
30 5062 5557 1021 8885 779 8697 2138 4282 1420 7629 3637 7000 1371 1147 6345 9453 5730 5741 5498 9875 4725 1949 9468 2483 9524 6867 3308 1313 4364 1445 
28 1641 5336 3579 8438 879 2569 8239 7338 8642 4520 4374 4456 1544 1103 998 9264 8336 8563 272 9493 3823 7619 5677 717 5285 6737 2582 1289 
27 8551 1038 8969 8464 8820 6554 3300 8828 9231 3813 4293 5803 1483 3220 1068 1927 4482 1702 6270 9639 4810 2729 9082 6308 8225 6830 5211 
29 7324 1896 191 6961 5585 397 1592 9182 3777 5490 9812 2412 2606 6878 6873 2225 2753 4470 8571 1748 2277 5663 3469 7998 4631 4702 3962 561 511 
28 4077 6347 271 5128 1267 1293 7605 9362 5510 615 7776 4136 1489 3269 9935 9197 2110 6689 9597 7716 1922 9859 8433 7683 7413 9586 4586 3570 
27 4398 6425 8400 3866 7603 1787 5079 3243 7390 5530 1754 6763 7682 6338 9852 7218 8171 875 4142 5902 2566 8192 2214 2448 1891 1268 7502 
29 666 352 5077 9984 5460 5307 5863 9533 9954 7709 2763 686 2998 877 6741 7615 6306 5098 6967 5194 3617 5814 11 113 1378 843 5507 9544 8670 
28 3511 8468 7496 6363 5940 1257 7719 3203 1725 465 7243 3490 2878 9694 9024 5827 6512 3329 8138 4606 3624 6926 7128 4042 6929 2189 8132 6164 
28 3815 2795 7394 7026 4655 2221 385 7278 87 6385 9090 2913 2900 9736 4761 9823 3890 2839 2473 864 8809 217 7977 9124 9934 2959 1211 4418 
28 6603 534 6778 8829 5680 791 513 6615 7045 3336 7863 2923 428 643 1866 4240 2447 7563 4846 7548 1162 7461 37 2211 3451 5845 265 1154 
28 2182 9117 6635 3582 8765 6816 7915 9619 8723 3835 9575 6456 2390 6749 2032 2187 6396 2488 535 9028 4849 6694 5380 4584 5344 4237 8387 697 
29 4760 3179 8026 659 9139 1913 1412 6817 1098 4272 5304 8844 3629 3132 7199 8129 297 3594 1563 7160 7254 8951 9301 2812 9900 2616 4791 9882 519 
29 445 6319 7380 3064 4476 1276 7538 9880 4640 1248 7950 7766 7340 6137 8109 8223 7159 3231 524 1400 4982 5364 5243 5120 5402 7050 1270 2809 4678 
29 7828 9498 1186 2042 2906 2126 6779 6686 8517 7597 9835 4687 5661 3303 6208 8942 5642 5252 8495 5853 5625 315 9063 6887 1287 9320 3697 5915 2406 
28 3236 1035 7329 2736 3391 6766 2782 5376 3715 9254 7727 2647 2408 2743 512 4112 6884 1584 9641 9199 7497 7818 2545 8788 2866 5256 3279 6279 
27 9282 4433 1909 3295 5436 3225 5784 7163 3176 2068 5480 5290 9792 5972 6362 7750 3046 6195 1230 6297 7451 3655 6141 2627 4197 8062 7471 
29 9925 2864 8977 3746 3164 9537 2762 7981 9436 5068 6574 5694 71 7005 3461 3677 2740 5003 599 8208 2366 2317 5873 7523 1800 9894 9573 9838 6051 
30 4473 23 7871 5669 7985 4248 393 1440 6436 5277 7847 2052 8801 3622 6457 6670 4727 1403 5212 1480 8822 2605 3990 7073 4681 2264 6052 6161 5361 5738 
29 5798 2803 7529 4717 6516 4104 3272 2613 5502 2909 560 3290 8826 3034 5095 4955 7365 3056 1426 6870 1388 712 7857 8535 9208 9774 2829 1791 7796 
29 9215 7704 2649 1772 2535 6844 9121 2331 9425 9274 991 8967 8538 8015 5067 4839 4623 9426 4056 4649 4211 1663 7933 9201 2104 1937 8792 2781 8114 
27 6669 3551 6754 7161 1380 4495 3297 4465 1610 1680 7672 2148 9135 9800 3495 2821 1654 2453 5179 5321 7657 9193 1714 3993 4699 7066 7899 
29 2993 2583 9470 5895 6113 9549 3033 9892 2064 9153 3608 7645 2066 8384 1358 9424 6170 9624 6853 1101 6514 7182 3577 8802 7604 6012 9731 5851 7917 
28 7995 9850 1014 9956 3898 3836 7691 9133 1810 7374 9526 1389 4410 1249 8926 1606 1341 7832 9807 1026 757 5316 6335 5864 4580 3072 8768 6835 
27 6845 8207 6765 4436 5574 6746 319 3904 194 9548 384 7429 5367 1135 5775 6802 2792 370 46 7057 6852 4155 4884 2094 8596 4881 7534 
29 1472 9447 8080 7969 9076 2701 473 9975 685 3069 4833 1908 5441 9845 7058 9616 5627 6326 3222 4987 8930 9840 7600 9342 8708 9030 8290 2561 1635 
29 9155 7487 3501 9606 6283 7957 147 4358 8441 1519 8358 5327 334 4425 729 9931 7909 2945 8420 8839 495 725 3613 3838 5812 806 3985 6955 7341 
28 3256 523 8297 9385 8204 589 690 9939 261 9260 1622 642 9309 863 5718 5378 6953 6288 5986 5099 364 3572 7048 8306 8409 4890 518 7887 
28 3145 4246 7183 9592 5148 7381 5637 901 4432 3362 8008 8536 9233 3054 5943 379 5755 5150 3714 6937 5264 9374 7228 3946 172 3161 6264 470 
28 993 5008 128 4311 9428 784 5167 4672 4562 4638 6893 4689 6010 7919 4317 8295 8029 2270 976 8662 797 5358 4270 3943 8376 4552 966 7049 
27 9340 6152 9492 5310 9790 5478 9439 1354 3212 3330 872 3839 7321 2220 318 1613 5651 3142 6984 5684 267 607 6907 749 8228 4256 7641 
29 558 4796 2855 8052 82 1681 5368 1245 5302 5822 8988 7352 4892 2577 9 1409 7558 222 8116 2344 7067 6662 7905 6619 2691 2088 7631 3159 6246 
28 2452 8152 702 9286 1260 8462 9184 177 5355 332 4401 527 3368 9902 6743 4814 4310 1741 9901 7504 9574 1658 9903 6713 5870 8743 5930 4659 
29 671 6154 6093 2244 1554 3275 1487 2744 5887 1132 4679 5501 67 3543 2761 6696 6119 5806 8269 4853 3395 6642 6517 9637 2398 9001 8891 5717 9982 
29 4661 9288 1531 8625 291 443 8957 3040 5274 5183 525 8369 2020 924 5093 4167 5790 3113 8684 6314 1065 3206 9631 464 4666 3760 5372 7422 7577 
28 4616 5049 1779 3410 2768 4093 7878 4724 3785 2513 353 5281 9769 3942 234 6607 3805 4299 7783 4491 9275 7665 1900 8032 2170 1079 764 9510 
27 2636 9826 89 2963 4976 4942 5170 1730 7097 7536 2325 2520 6272 9996 3978 3895 5989 705 9516 2628 542 316 2405 2478 7223 2099 4875 
27 7822 6785 1066 3259 979 8417 3486 5760 204 8668 3194 3127 7792 9091 96 6518 9998 3263 6803 3497 8411 9004 3727 5907 340 3038 8629 
28 395 9166 5237 2145 5724 7185 5353 9437 848 5384 7071 1069 9833 339 1461 2527 8599 7217 7684 9946 8021 7827 7987 7583 2498 8195 2349 1185 
28 8407 811 8797 2304 5829 2101 43 1149 1871 7135 8253 1172 9280 6716 3963 8288 9553 9266 5061 2958 1041 8922 7734 6717 8658 5698 1315 6588 
29 9872 6597 7358 9804 5400 8663 5683 9745 8460 2132 4898 1825 2276 6684 2615 669 6492 6494 3822 5602 4253 206 3154 9074 7807 677 8574 1690 4171 
26 6190 188 8717 5005 408 7349 2489 1028 1671 8260 8350 7312 989 5540 9011 6962 9626 8496 5866 2210 7967 1454 5805 1655 3633 2678 
29 2823 4066 8850 3867 9268 7621 6643 9172 2274 1980 8862 2502 7989 143 2981 9283 8534 4085 7350 3428 7819 4075 6593 7644 5459 4981 6883 9330 233 
27 5552 9136 4660 1756 3671 7327 150 4575 3254 9921 1867 1695 7001 947 254 7912 6387 7964 3789 6196 1481 3910 7457 6169 9003 3580 7215 
28 1753 1060 5914 2570 1210 6292 1542 2313 2542 620 7925 7873 1948 6291 3108 4207 2309 9929 8161 7821 7454 7659 9881 8749 3607 6404 2016 5921 
28 6638 1062 9940 3762 6005 4030 9238 8553 2207 6364 1899 5488 4081 5132 2006 112 3068 6695 774 4233 6391 9945 3713 9865 6447 3467 5877 849 
28 8595 3503 5031 7976 5705 5351 2136 4444 8025 7407 9703 4179 805 2010 4335 6180 762 7285 9512 1384 3591 2336 2964 3196 6311 5432 283 6787 
28 2652 4989 2005 7744 6000 9856 8679 8793 925 7942 4021 4147 6176 7586 4488 7673 3193 8643 8 6401 2438 5019 2285 6011 5937 3522 3381 2623 
28 3233 7946 6046 7699 2633 5 466 3821 6277 7036 8943 9809 1962 6996 6072 6323 3571 905 5431 6346 6144 9176 7376 4367 2703 4590 8240 5674 
28 3902 5613 5206 1700 1123 7607 93 7592 9870 1207 2928 8616 2790 1294 9547 3599 8758 8866 9085 4863 3658 6679 735 7647 9099 5609 2620 4014 
28 601 839 665 2756 1907 5224 5323 6652 8398 4542 4064 5292 9068 4420 2549 5479 8333 8186 8800 8452 767 9205 2072 7125 497 4548 2957 2681 
28 8315 9957 915 1275 8193 8266 3019 4550 7869 7462 3797 4316 5063 2817 604 8999 9046 5655 342 6608 6080 8985 3510 7518 8953 9829 9860 3708 
27 9742 7720 5938 9039 9397 2519 8798 4251 7755 7651 6033 2935 609 6337 3889 1783 1673 5422 7314 3029 9062 2199 6782 1181 8682 6240 7559 
28 9284 6931 4169 6756 4009 62 9585 3489 1609 257 3670 2124 600 1170 9344 6350 5013 4261 847 7786 7266 3521 8811 8522 7166 3816 7294 1177 
29 9211 8983 5345 4 5182 208 5435 107 9338 1242 995 54 3975 2977 6836 8550 1887 4557 7635 9846 5094 5656 1153 8742 9065 9788 4600 9018 4789 
30 8090 8406 3027 5751 8936 1283 7412 1932 252 2722 6531 9857 2705 2589 6375 7171 7499 3376 2521 9473 7507 458 4242 9450 4959 9285 575 5591 3080 7649 
29 7609 6796 747 9073 8693 232 3669 6744 3156 4888 7767 8976 2877 1761 8148 4934 5081 2173 7632 5362 6641 8229 6281 3352 1981 396 1727 5204 9577 
28 1466 9538 1746 5881 1421 6421 2468 134 8645 9220 9634 4782 8106 5219 2893 214 7546 3085 8291 3916 2932 8101 5649 2751 517 2848 3366 9643 
27 8724 4392 450 8745 1890 7715 8756 5850 1882 2843 5059 1329 5834 710 1885 4414 8497 9567 7495 5871 9206 1183 5521 5936 4735 1327 8351 
27 5354 7235 3312 3763 1855 6794 456 6212 3711 1020 569 2897 1262 6026 9355 8221 8757 2988 9944 5807 242 4296 983 4381 7741 2467 5988 
28 6891 698 7611 1442 2144 81 5446 5053 5071 8628 9862 6178 4180 7035 7126 1828 4738 490 6788 9656 7145 5785 2282 6688 7106 7435 7362 7756 
28 5262 687 3987 9120 9322 3847 7359 1836 2689 168 7122 9051 3879 4417 2869 8498 649 6336 4686 1008 7954 8252 3135 787 5466 4698 4502 98 
29 9858 4338 6699 2965 785 1674 3281 1064 4736 5314 4101 4547 3317 4598 3896 418 8158 1931 6528 9142 6886 4462 752 6838 2093 8893 3218 7655 9478 
27 7735 7918 3333 8872 684 5682 8532 793 1792 9500 7213 4092 4218 4851 369 5394 9981 6964 6333 1251 9225 1527 6324 5231 3404 4685 1363 
28 3611 3533 5740 961 6815 7203 184 9186 9885 1849 7275 2539 7300 9672 99 9098 7994 6443 1379 6568 2356 614 7306 2976 7930 9438 1665 2980 
28 9890 5241 7979 3172 4144 2677 8285 8001 3234 5322 1000 140 9458 3944 3753 131 4555 4070 483 5929 7034 6723 932 455 2054 7789 3901 5033 
28 9328 6600 9304 4710 706 1521 9795 6550 5976 7472 7082 778 5894 1188 1392 3662 803 478 5636 4876 728 7169 9348 3351 9642 2306 5029 819 
29 1764 7395 3519 9416 3680 1093 7598 8036 5074 3545 9839 8144 237 2645 5732 86 5447 9653 2164 3976 5858 3413 3022 3084 235 2329 4674 8268 7348 
27 8267 9037 7458 5910 5797 3114 7369 5496 7876 5964 2699 8686 7588 5346 4614 299 3276 6685 154 6194 8126 2978 7453 2567 2716 3106 2791 
28 5370 553 4870 6382 2212 5671 402 5556 8687 871 4665 2808 4696 430 4723 5373 1272 2425 5415 1201 5893 4816 2588 8510 2095 2514 7319 2810 
29 7901 476 854 4824 9640 7974 1004 2950 3802 2457 9917 3631 8231 9501 9923 6048 2312 7585 2723 3445 2816 3307 4485 9022 3930 453 1801 9555 6216 
26 8453 8447 6819 9735 8701 1055 1342 3037 6572 4124 2474 7056 1352 8124 4819 650 9611 913 4920 5437 5039 4416 3717 166 1739 2661 
28 7256 7343 7421 4480 5520 6485 8727 2536 9781 3320 3546 4515 9250 1553 7265 1488 7437 285 6505 6549 6834 137 1669 3729 7396 5548 578 4605 
27 4801 3856 9236 7084 8584 4307 311 4521 363 8067 7282 5913 4090 6156 274 3814 5464 8537 2490 7170 3862 9377 2953 3354 9765 5021 1793 
29 7760 7708 6482 7890 6504 4903 8111 3520 2601 6847 83 6813 55 6945 2369 8688 618 9070 7762 7506 1078 6455 8739 2063 7411 2501 145 825 1508 
27 4049 3991 4803 9175 7769 9302 2748 74 4641 8055 8878 9187 2811 337 9325 9169 1780 9676 4770 5788 142 8763 485 7788 7089 3868 1596 
28 2711 8386 3385 1964 7383 555 4350 4874 7580 9056 4818 123 9464 3609 8990 9513 6712 8300 5630 6067 4283 5589 9953 5725 5650 2400 8443 2497 
27 8644 5608 8513 540 2747 7158 5228 4454 1310 4726 7032 2780 6951 4288 5577 4970 7129 6083 4886 5623 8474 6273 7551 9517 7726 9866 977 
29 8561 612 8592 3201 8063 1217 590 9395 6186 6824 7209 1045 7838 8332 8279 4177 2315 8843 5617 1006 7940 469 4176 9221 3015 9778 5948 7194 3436 
28 1187 6062 8017 7481 3323 2218 4514 8488 8541 8593 2867 5083 9655 8963 8254 6698 1169 5692 5572 6383 786 4342 9181 121 9535 2143 1653 3818 
28 1788 8971 2 7295 6211 8865 760 2983 3865 8602 3392 5395 6809 9381 2185 1173 7932 5340 6307 4668 9373 1646 4336 9034 2709 4954 1136 5273 
28 7313 7984 563 676 2236 5348 80 689 3487 9970 3407 6882 4749 5230 2324 4750 4054 2700 9294 2861 7302 6636 632 1812 3041 9071 869 9932 
28 3968 1734 3618 8906 5416 8293 7944 3299 3654 7664 972 1292 5438 5122 7238 9794 8773 247 8608 853 3924 7567 8836 2990 9579 3138 3540 6413 
28 4469 6720 5898 896 5258 7679 8569 2158 3215 9376 1861 5701 4985 6044 4277 802 4843 4191 3007 1757 9663 3864 459 7524 7521 2067 4956 7021 
28 3877 2785 288 7543 7144 1282 5759 9491 2919 5547 5279 4906 8775 2800 984 2387 381 3754 3245 3365 9132 8010 1583 4961 5950 8374 2386 75 
28 8039 5941 4214 1325 1016 6452 4828 794 1602 7062 1708 5818 3635 6915 1662 6837 193 8425 8271 807 748 9086 9569 1686 9576 2776 9580 5470 
28 3562 6497 5917 850 8751 4867 4486 7541 6163 7784 7091 1444 8956 5782 4633 8908 9893 9487 8331 1844 2455 9146 8632 9032 9134 3652 9349 2719 
29 2414 8523 7042 4046 7482 7149 4394 7316 9308 4204 9502 4658 3449 2683 6540 6106 613 8429 1582 6219 8806 1501 8169 1790 6920 9474 6960 5473 5107 
28 1938 4060 544 6459 6681 8991 771 8000 974 9976 6590 5689 3199 9060 2949 2111 7210 1684 4513 2035 7469 9608 857 6408 1361 1105 4540 9255 
28 8698 4057 26 3306 3455 5210 4221 6274 7680 790 3035 2355 6388 1892 7033 4700 5567 7410 9316 2127 410 8888 8243 1209 439 8986 4963 5987 
29 724 7030 4996 3350 5658 5051 2346 939 3465 9499 5474 4945 6434 6206 782 4157 1382 3567 1645 4187 9614 1984 3523 1129 1479 6784 3979 7903 1397 
29 1817 6214 7689 9378 9484 2992 2637 8741 9994 5133 5350 1163 8666 2534 751 4072 9209 3293 6958 3967 4154 6592 4265 3112 581 1385 5736 7315 5723 
